[27-Jul-2025 17:56:04 Europe/Berlin] PHP Fatal error:  Uncaught Error: Call to a member function bind_param() on bool in C:\xampp\htdocs\brsms\process_request_action.php:63
Stack trace:
#0 {main}
  thrown in C:\xampp\htdocs\brsms\process_request_action.php on line 63
[27-Jul-2025 17:56:07 Europe/Berlin] PHP Fatal error:  Uncaught Error: Call to a member function bind_param() on bool in C:\xampp\htdocs\brsms\process_request_action.php:63
Stack trace:
#0 {main}
  thrown in C:\xampp\htdocs\brsms\process_request_action.php on line 63
[27-Jul-2025 17:59:09 Europe/Berlin] PHP Fatal error:  Uncaught Error: Call to a member function bind_param() on bool in C:\xampp\htdocs\brsms\process_request_action.php:36
Stack trace:
#0 {main}
  thrown in C:\xampp\htdocs\brsms\process_request_action.php on line 36
[27-Jul-2025 17:59:11 Europe/Berlin] PHP Fatal error:  Uncaught Error: Call to a member function bind_param() on bool in C:\xampp\htdocs\brsms\process_request_action.php:36
Stack trace:
#0 {main}
  thrown in C:\xampp\htdocs\brsms\process_request_action.php on line 36
[27-Jul-2025 17:59:17 Europe/Berlin] PHP Fatal error:  Uncaught Error: Call to a member function bind_param() on bool in C:\xampp\htdocs\brsms\process_request_action.php:36
Stack trace:
#0 {main}
  thrown in C:\xampp\htdocs\brsms\process_request_action.php on line 36
[27-Jul-2025 17:59:28 Europe/Berlin] PHP Fatal error:  Uncaught Error: Call to a member function bind_param() on bool in C:\xampp\htdocs\brsms\process_request_action.php:36
Stack trace:
#0 {main}
  thrown in C:\xampp\htdocs\brsms\process_request_action.php on line 36
[27-Jul-2025 18:01:30 Europe/Berlin] PHP Fatal error:  Uncaught Error: Call to a member function bind_param() on bool in C:\xampp\htdocs\brsms\process_request_action.php:36
Stack trace:
#0 {main}
  thrown in C:\xampp\htdocs\brsms\process_request_action.php on line 36
[27-Jul-2025 18:02:53 Europe/Berlin] PHP Fatal error:  Uncaught Error: Call to a member function bind_param() on bool in C:\xampp\htdocs\brsms\process_request_action.php:30
Stack trace:
#0 {main}
  thrown in C:\xampp\htdocs\brsms\process_request_action.php on line 30
[27-Jul-2025 18:03:01 Europe/Berlin] PHP Fatal error:  Uncaught Error: Call to a member function bind_param() on bool in C:\xampp\htdocs\brsms\process_request_action.php:30
Stack trace:
#0 {main}
  thrown in C:\xampp\htdocs\brsms\process_request_action.php on line 30
[27-Jul-2025 18:06:04 Europe/Berlin] PHP Fatal error:  Uncaught Error: Call to a member function bind_param() on bool in C:\xampp\htdocs\brsms\process_request_action.php:36
Stack trace:
#0 {main}
  thrown in C:\xampp\htdocs\brsms\process_request_action.php on line 36
[27-Jul-2025 18:06:23 Europe/Berlin] PHP Fatal error:  Uncaught Error: Call to a member function bind_param() on bool in C:\xampp\htdocs\brsms\process_request_action.php:36
Stack trace:
#0 {main}
  thrown in C:\xampp\htdocs\brsms\process_request_action.php on line 36
[27-Jul-2025 18:06:23 Europe/Berlin] PHP Fatal error:  Uncaught Error: Call to a member function bind_param() on bool in C:\xampp\htdocs\brsms\process_request_action.php:36
Stack trace:
#0 {main}
  thrown in C:\xampp\htdocs\brsms\process_request_action.php on line 36
[27-Jul-2025 18:08:23 Europe/Berlin] PHP Fatal error:  Uncaught Error: Call to a member function bind_param() on bool in C:\xampp\htdocs\brsms\process_request_action.php:36
Stack trace:
#0 {main}
  thrown in C:\xampp\htdocs\brsms\process_request_action.php on line 36
[03-Aug-2025 19:24:57 Europe/Berlin] PHP Fatal error:  Uncaught Error: Call to a member function bind_param() on bool in C:\xampp\htdocs\brsms\process_request_action.php:142
Stack trace:
#0 {main}
  thrown in C:\xampp\htdocs\brsms\process_request_action.php on line 142
[03-Aug-2025 19:25:00 Europe/Berlin] PHP Fatal error:  Uncaught Error: Call to a member function bind_param() on bool in C:\xampp\htdocs\brsms\process_request_action.php:142
Stack trace:
#0 {main}
  thrown in C:\xampp\htdocs\brsms\process_request_action.php on line 142
[03-Aug-2025 19:25:02 Europe/Berlin] PHP Fatal error:  Uncaught Error: Call to a member function bind_param() on bool in C:\xampp\htdocs\brsms\process_request_action.php:142
Stack trace:
#0 {main}
  thrown in C:\xampp\htdocs\brsms\process_request_action.php on line 142
[03-Aug-2025 19:25:04 Europe/Berlin] PHP Fatal error:  Uncaught Error: Call to a member function bind_param() on bool in C:\xampp\htdocs\brsms\process_request_action.php:142
Stack trace:
#0 {main}
  thrown in C:\xampp\htdocs\brsms\process_request_action.php on line 142
[03-Aug-2025 19:29:15 Europe/Berlin] PHP Fatal error:  Uncaught Error: Call to a member function bind_param() on bool in C:\xampp\htdocs\brsms\process_request_action.php:143
Stack trace:
#0 {main}
  thrown in C:\xampp\htdocs\brsms\process_request_action.php on line 143
[03-Aug-2025 19:37:01 Europe/Berlin] PHP Fatal error:  Uncaught Error: Call to a member function bind_param() on bool in C:\xampp\htdocs\brsms\process_request_action.php:145
Stack trace:
#0 {main}
  thrown in C:\xampp\htdocs\brsms\process_request_action.php on line 145
[03-Aug-2025 19:38:13 Europe/Berlin] PHP Fatal error:  Uncaught Error: Call to a member function bind_param() on bool in C:\xampp\htdocs\brsms\process_request_action.php:143
Stack trace:
#0 {main}
  thrown in C:\xampp\htdocs\brsms\process_request_action.php on line 143
[03-Aug-2025 19:38:16 Europe/Berlin] PHP Fatal error:  Uncaught Error: Call to a member function bind_param() on bool in C:\xampp\htdocs\brsms\process_request_action.php:143
Stack trace:
#0 {main}
  thrown in C:\xampp\htdocs\brsms\process_request_action.php on line 143
[03-Aug-2025 19:38:30 Europe/Berlin] PHP Fatal error:  Uncaught Error: Call to a member function bind_param() on bool in C:\xampp\htdocs\brsms\process_request_action.php:143
Stack trace:
#0 {main}
  thrown in C:\xampp\htdocs\brsms\process_request_action.php on line 143
[03-Aug-2025 19:44:07 Europe/Berlin] PHP Fatal error:  Uncaught Error: Call to a member function bind_param() on bool in C:\xampp\htdocs\brsms\process_request_action.php:143
Stack trace:
#0 {main}
  thrown in C:\xampp\htdocs\brsms\process_request_action.php on line 143
[03-Aug-2025 19:45:02 Europe/Berlin] PHP Fatal error:  Uncaught Error: Call to a member function bind_param() on bool in C:\xampp\htdocs\brsms\process_request_action.php:143
Stack trace:
#0 {main}
  thrown in C:\xampp\htdocs\brsms\process_request_action.php on line 143
[03-Aug-2025 19:49:05 Europe/Berlin] PHP Fatal error:  Uncaught Error: Call to a member function bind_param() on bool in C:\xampp\htdocs\brsms\process_request_action.php:144
Stack trace:
#0 {main}
  thrown in C:\xampp\htdocs\brsms\process_request_action.php on line 144
[03-Aug-2025 19:56:08 Europe/Berlin] PHP Fatal error:  Uncaught Error: Call to a member function bind_param() on bool in C:\xampp\htdocs\brsms\process_request_action.php:146
Stack trace:
#0 {main}
  thrown in C:\xampp\htdocs\brsms\process_request_action.php on line 146
[03-Aug-2025 19:56:12 Europe/Berlin] PHP Fatal error:  Uncaught Error: Call to a member function bind_param() on bool in C:\xampp\htdocs\brsms\process_request_action.php:146
Stack trace:
#0 {main}
  thrown in C:\xampp\htdocs\brsms\process_request_action.php on line 146
[03-Aug-2025 19:57:51 Europe/Berlin] PHP Fatal error:  Uncaught Error: Call to a member function bind_param() on bool in C:\xampp\htdocs\brsms\process_request_action.php:146
Stack trace:
#0 {main}
  thrown in C:\xampp\htdocs\brsms\process_request_action.php on line 146
[03-Aug-2025 20:06:52 Europe/Berlin] PHP Fatal error:  Uncaught Error: Call to a member function bind_param() on bool in C:\xampp\htdocs\brsms\process_request_action.php:143
Stack trace:
#0 {main}
  thrown in C:\xampp\htdocs\brsms\process_request_action.php on line 143
[03-Aug-2025 20:10:08 Europe/Berlin] PHP Fatal error:  Uncaught Error: Call to a member function bind_param() on bool in C:\xampp\htdocs\brsms\process_request_action.php:143
Stack trace:
#0 {main}
  thrown in C:\xampp\htdocs\brsms\process_request_action.php on line 143
[03-Aug-2025 20:10:35 Europe/Berlin] PHP Fatal error:  Uncaught Error: Call to a member function bind_param() on bool in C:\xampp\htdocs\brsms\process_request_action.php:145
Stack trace:
#0 {main}
  thrown in C:\xampp\htdocs\brsms\process_request_action.php on line 145
[04-Aug-2025 06:42:15 Europe/Berlin] PHP Fatal error:  Uncaught Error: Call to a member function bind_param() on bool in C:\xampp\htdocs\brsms\process_request_action.php:143
Stack trace:
#0 {main}
  thrown in C:\xampp\htdocs\brsms\process_request_action.php on line 143
[04-Aug-2025 06:50:01 Europe/Berlin] PHP Fatal error:  Uncaught Error: Call to a member function bind_param() on bool in C:\xampp\htdocs\brsms\process_request_action.php:143
Stack trace:
#0 {main}
  thrown in C:\xampp\htdocs\brsms\process_request_action.php on line 143
[04-Aug-2025 06:56:55 Europe/Berlin] PHP Fatal error:  Uncaught Error: Call to a member function bind_param() on bool in C:\xampp\htdocs\brsms\process_request_action.php:143
Stack trace:
#0 {main}
  thrown in C:\xampp\htdocs\brsms\process_request_action.php on line 143
[04-Aug-2025 06:59:58 Europe/Berlin] PHP Fatal error:  Uncaught Error: Call to a member function bind_param() on bool in C:\xampp\htdocs\brsms\process_request_action.php:71
Stack trace:
#0 {main}
  thrown in C:\xampp\htdocs\brsms\process_request_action.php on line 71
[21-Aug-2025 06:06:56 Europe/Berlin] PHP Fatal error:  Uncaught Error: Call to a member function bind_param() on bool in C:\xampp\htdocs\brsms\process_request_action.php:177
Stack trace:
#0 {main}
  thrown in C:\xampp\htdocs\brsms\process_request_action.php on line 177
[30-Aug-2025 05:45:12 Europe/Berlin] PHP Fatal error:  Uncaught Error: Call to a member function bind_param() on bool in C:\xampp\htdocs\brsms\process_request_action.php:214
Stack trace:
#0 {main}
  thrown in C:\xampp\htdocs\brsms\process_request_action.php on line 214
[30-Aug-2025 05:45:12 Europe/Berlin] PHP Fatal error:  Uncaught Error: Call to a member function bind_param() on bool in C:\xampp\htdocs\brsms\process_request_action.php:214
Stack trace:
#0 {main}
  thrown in C:\xampp\htdocs\brsms\process_request_action.php on line 214
[02-Sep-2025 18:29:14 Europe/Berlin] PHP Fatal error:  Uncaught Error: Call to a member function bind_param() on bool in C:\xampp\htdocs\brsms\process_request_action.php:233
Stack trace:
#0 {main}
  thrown in C:\xampp\htdocs\brsms\process_request_action.php on line 233
[12-Sep-2025 03:44:18 Europe/Berlin] PHP Notice:  session_start(): Ignoring session_start() because a session is already active in C:\xampp\htdocs\brsms\generate_pdf_receipt.php on line 2
[12-Sep-2025 03:44:32 Europe/Berlin] PHP Notice:  session_start(): Ignoring session_start() because a session is already active in C:\xampp\htdocs\brsms\generate_pdf_receipt.php on line 2
[12-Sep-2025 03:44:39 Europe/Berlin] PHP Notice:  session_start(): Ignoring session_start() because a session is already active in C:\xampp\htdocs\brsms\generate_pdf_receipt.php on line 2
[12-Sep-2025 03:54:40 Europe/Berlin] PHP Warning:  Undefined array key "req_id" in C:\xampp\htdocs\brsms\process_request_action.php on line 230
[12-Sep-2025 03:54:40 Europe/Berlin] PHP Warning:  Undefined array key "req_id" in C:\xampp\htdocs\brsms\process_request_action.php on line 314
[12-Sep-2025 03:56:17 Europe/Berlin] PHP Warning:  Undefined array key "req_id" in C:\xampp\htdocs\brsms\process_request_action.php on line 230
[12-Sep-2025 03:56:17 Europe/Berlin] PHP Warning:  Undefined array key "req_id" in C:\xampp\htdocs\brsms\process_request_action.php on line 314
[12-Sep-2025 04:03:25 Europe/Berlin] PHP Warning:  Undefined array key "req_id" in C:\xampp\htdocs\brsms\process_request_action.php on line 230
[12-Sep-2025 04:03:26 Europe/Berlin] PHP Warning:  Undefined array key "req_id" in C:\xampp\htdocs\brsms\process_request_action.php on line 314
[12-Sep-2025 04:05:15 Europe/Berlin] PHP Warning:  Undefined array key "req_id" in C:\xampp\htdocs\brsms\process_request_action.php on line 230
[12-Sep-2025 04:05:15 Europe/Berlin] PHP Warning:  Undefined array key "req_id" in C:\xampp\htdocs\brsms\process_request_action.php on line 314
[12-Sep-2025 04:09:43 Europe/Berlin] PHP Warning:  Undefined array key "req_id" in C:\xampp\htdocs\brsms\process_request_action.php on line 230
[12-Sep-2025 04:09:43 Europe/Berlin] PHP Warning:  Undefined array key "req_id" in C:\xampp\htdocs\brsms\process_request_action.php on line 314
[12-Sep-2025 04:14:39 Europe/Berlin] PHP Warning:  Undefined array key "req_id" in C:\xampp\htdocs\brsms\process_request_action.php on line 240
[12-Sep-2025 04:14:39 Europe/Berlin] PHP Warning:  Undefined array key "req_id" in C:\xampp\htdocs\brsms\process_request_action.php on line 324
[12-Sep-2025 04:16:42 Europe/Berlin] PHP Warning:  Undefined array key "req_id" in C:\xampp\htdocs\brsms\process_request_action.php on line 240
[12-Sep-2025 04:16:42 Europe/Berlin] PHP Warning:  Undefined array key "req_id" in C:\xampp\htdocs\brsms\process_request_action.php on line 324
[12-Sep-2025 04:32:09 Europe/Berlin] PHP Warning:  Undefined array key "req_id" in C:\xampp\htdocs\brsms\process_request_action.php on line 240
[12-Sep-2025 04:32:09 Europe/Berlin] PHP Warning:  Undefined array key "req_id" in C:\xampp\htdocs\brsms\process_request_action.php on line 324
[12-Sep-2025 08:26:00 Europe/Berlin] PHP Warning:  Undefined array key "req_id" in C:\xampp\htdocs\brsms\process_request_action.php on line 240
[12-Sep-2025 08:26:00 Europe/Berlin] PHP Warning:  Undefined array key "req_id" in C:\xampp\htdocs\brsms\process_request_action.php on line 324
[12-Sep-2025 08:27:22 Europe/Berlin] PHP Warning:  Undefined array key "req_id" in C:\xampp\htdocs\brsms\process_request_action.php on line 240
[12-Sep-2025 08:27:22 Europe/Berlin] PHP Warning:  Undefined array key "req_id" in C:\xampp\htdocs\brsms\process_request_action.php on line 324
[13-Sep-2025 15:26:34 Europe/Berlin] PHP Warning:  Undefined array key "req_id" in C:\xampp\htdocs\brsms\process_request_action.php on line 240
[13-Sep-2025 15:26:34 Europe/Berlin] PHP Warning:  Undefined array key "req_id" in C:\xampp\htdocs\brsms\process_request_action.php on line 324
[13-Sep-2025 15:57:41 Europe/Berlin] PHP Warning:  Undefined array key "req_id" in C:\xampp\htdocs\brsms\process_request_action.php on line 240
[13-Sep-2025 15:57:41 Europe/Berlin] PHP Warning:  Undefined array key "req_id" in C:\xampp\htdocs\brsms\process_request_action.php on line 324
[13-Sep-2025 15:57:41 Europe/Berlin] Mailer Error (Request ID: 63): SMTP Error: Could not connect to SMTP host. Failed to connect to server SMTP server error: Failed to connect to server Additional SMTP info: php_network_getaddresses: getaddrinfo failed: No such host is known. 
[13-Sep-2025 15:58:47 Europe/Berlin] Request Action Error (ID: 63, Action: cancel): Request must be 'Approved' or 'Pending' to be cancelled.
[13-Sep-2025 15:59:34 Europe/Berlin] PHP Warning:  Undefined array key "req_id" in C:\xampp\htdocs\brsms\process_request_action.php on line 240
[13-Sep-2025 15:59:34 Europe/Berlin] PHP Warning:  Undefined array key "req_id" in C:\xampp\htdocs\brsms\process_request_action.php on line 324
[13-Sep-2025 15:59:34 Europe/Berlin] Mailer Error (Request ID: 64): SMTP Error: Could not connect to SMTP host. Failed to connect to server SMTP server error: Failed to connect to server Additional SMTP info: php_network_getaddresses: getaddrinfo failed: No such host is known. 
[13-Sep-2025 16:01:59 Europe/Berlin] PHP Warning:  Undefined array key "req_id" in C:\xampp\htdocs\brsms\process_request_action.php on line 240
[13-Sep-2025 16:01:59 Europe/Berlin] PHP Warning:  Undefined array key "req_id" in C:\xampp\htdocs\brsms\process_request_action.php on line 324
[13-Sep-2025 16:14:58 Europe/Berlin] PHP Warning:  Undefined array key "req_id" in C:\xampp\htdocs\brsms\process_request_action.php on line 240
[13-Sep-2025 16:14:58 Europe/Berlin] PHP Warning:  Undefined array key "req_id" in C:\xampp\htdocs\brsms\process_request_action.php on line 324
[14-Sep-2025 14:08:43 Europe/Berlin] PHP Warning:  Undefined array key "req_id" in C:\xampp\htdocs\brsms\process_request_action.php on line 240
[14-Sep-2025 14:08:43 Europe/Berlin] PHP Warning:  Undefined array key "req_id" in C:\xampp\htdocs\brsms\process_request_action.php on line 324
[14-Sep-2025 14:08:50 Europe/Berlin] Request Action Error (ID: 68, Action: approve): Request is not pending and cannot be approved.
[14-Sep-2025 14:15:36 Europe/Berlin] PHP Warning:  Undefined array key "req_id" in C:\xampp\htdocs\brsms\process_request_action.php on line 240
[14-Sep-2025 14:15:36 Europe/Berlin] PHP Warning:  Undefined array key "req_id" in C:\xampp\htdocs\brsms\process_request_action.php on line 324
[15-Sep-2025 04:19:07 Europe/Berlin] PHP Warning:  Undefined array key "req_id" in C:\xampp\htdocs\brsms\process_request_action.php on line 240
[15-Sep-2025 04:19:08 Europe/Berlin] PHP Warning:  Undefined array key "req_id" in C:\xampp\htdocs\brsms\process_request_action.php on line 324
[15-Sep-2025 04:20:16 Europe/Berlin] PHP Warning:  Undefined array key "req_id" in C:\xampp\htdocs\brsms\process_request_action.php on line 240
[15-Sep-2025 04:20:16 Europe/Berlin] PHP Warning:  Undefined array key "req_id" in C:\xampp\htdocs\brsms\process_request_action.php on line 324
[15-Sep-2025 09:22:10 Europe/Berlin] PHP Warning:  Undefined array key "req_id" in C:\xampp\htdocs\brsms\process_request_action.php on line 240
[15-Sep-2025 09:22:11 Europe/Berlin] PHP Warning:  Undefined array key "req_id" in C:\xampp\htdocs\brsms\process_request_action.php on line 324
[15-Sep-2025 10:00:26 Europe/Berlin] PHP Warning:  Undefined array key "req_id" in C:\xampp\htdocs\brsms\process_request_action.php on line 240
[15-Sep-2025 10:00:26 Europe/Berlin] PHP Warning:  Undefined array key "req_id" in C:\xampp\htdocs\brsms\process_request_action.php on line 324
[15-Sep-2025 10:00:32 Europe/Berlin] Request Action Error (ID: 75, Action: reject): Request is not pending and cannot be rejected.
[15-Sep-2025 10:00:32 Europe/Berlin] Request Action Error (ID: 75, Action: reject): Request is not pending and cannot be rejected.
[15-Sep-2025 10:01:20 Europe/Berlin] PHP Warning:  Undefined array key "req_id" in C:\xampp\htdocs\brsms\process_request_action.php on line 240
[15-Sep-2025 10:01:21 Europe/Berlin] PHP Warning:  Undefined array key "req_id" in C:\xampp\htdocs\brsms\process_request_action.php on line 324
[15-Sep-2025 10:01:26 Europe/Berlin] Request Action Error (ID: 74, Action: approve): Request is not pending and cannot be approved.
[15-Sep-2025 10:01:54 Europe/Berlin] PHP Warning:  Undefined array key "req_id" in C:\xampp\htdocs\brsms\process_request_action.php on line 240
[15-Sep-2025 10:01:54 Europe/Berlin] PHP Warning:  Undefined array key "req_id" in C:\xampp\htdocs\brsms\process_request_action.php on line 324
[15-Sep-2025 10:02:34 Europe/Berlin] Request Action Error (ID: 75, Action: cancel): Request must be 'Approved' or 'Pending' to be cancelled.
[15-Sep-2025 10:03:21 Europe/Berlin] PHP Warning:  Undefined array key "req_id" in C:\xampp\htdocs\brsms\process_request_action.php on line 240
[15-Sep-2025 10:03:21 Europe/Berlin] PHP Warning:  Undefined array key "req_id" in C:\xampp\htdocs\brsms\process_request_action.php on line 324
[15-Sep-2025 10:03:26 Europe/Berlin] Request Action Error (ID: 78, Action: reject): Request is not pending and cannot be rejected.
[15-Sep-2025 10:03:26 Europe/Berlin] Request Action Error (ID: 78, Action: approve): Request is not pending and cannot be approved.
[15-Sep-2025 10:03:26 Europe/Berlin] Request Action Error (ID: 78, Action: reject): Request is not pending and cannot be rejected.
[15-Sep-2025 10:03:26 Europe/Berlin] Request Action Error (ID: 78, Action: approve): Request is not pending and cannot be approved.
[15-Sep-2025 10:03:26 Europe/Berlin] Request Action Error (ID: 78, Action: reject): Request is not pending and cannot be rejected.
[15-Sep-2025 10:03:26 Europe/Berlin] Request Action Error (ID: 78, Action: approve): Request is not pending and cannot be approved.
[15-Sep-2025 10:10:34 Europe/Berlin] PHP Warning:  Undefined array key "req_id" in C:\xampp\htdocs\brsms\process_request_action.php on line 240
[15-Sep-2025 10:10:34 Europe/Berlin] PHP Warning:  Undefined array key "req_id" in C:\xampp\htdocs\brsms\process_request_action.php on line 324
[15-Sep-2025 10:11:58 Europe/Berlin] PHP Warning:  Undefined array key "req_id" in C:\xampp\htdocs\brsms\process_request_action.php on line 240
[15-Sep-2025 10:11:58 Europe/Berlin] PHP Warning:  Undefined array key "req_id" in C:\xampp\htdocs\brsms\process_request_action.php on line 324
[16-Sep-2025 05:45:22 Europe/Berlin] PHP Warning:  Undefined array key "req_id" in C:\xampp\htdocs\brsms\process_request_action.php on line 240
[16-Sep-2025 05:45:22 Europe/Berlin] PHP Warning:  Undefined array key "req_id" in C:\xampp\htdocs\brsms\process_request_action.php on line 324
[16-Sep-2025 05:48:17 Europe/Berlin] PHP Warning:  Undefined array key "req_id" in C:\xampp\htdocs\brsms\process_request_action.php on line 240
[16-Sep-2025 05:48:17 Europe/Berlin] PHP Warning:  Undefined array key "req_id" in C:\xampp\htdocs\brsms\process_request_action.php on line 324
[23-Sep-2025 07:45:17 Europe/Berlin] PHP Warning:  Undefined array key "req_id" in C:\xampp\htdocs\brsms\process_request_action.php on line 240
[23-Sep-2025 07:45:17 Europe/Berlin] PHP Warning:  Undefined array key "req_id" in C:\xampp\htdocs\brsms\process_request_action.php on line 324
[23-Sep-2025 07:47:08 Europe/Berlin] PHP Warning:  Undefined array key "req_id" in C:\xampp\htdocs\brsms\process_request_action.php on line 240
[23-Sep-2025 07:47:08 Europe/Berlin] PHP Warning:  Undefined array key "req_id" in C:\xampp\htdocs\brsms\process_request_action.php on line 324
[23-Sep-2025 15:46:32 Europe/Berlin] PHP Warning:  Undefined array key "req_id" in C:\xampp\htdocs\brsms\process_request_action.php on line 240
[23-Sep-2025 15:46:32 Europe/Berlin] PHP Warning:  Undefined array key "req_id" in C:\xampp\htdocs\brsms\process_request_action.php on line 324
[23-Sep-2025 16:18:08 Europe/Berlin] PHP Warning:  Undefined array key "req_id" in C:\xampp\htdocs\brsms\process_request_action.php on line 240
[23-Sep-2025 16:18:08 Europe/Berlin] PHP Warning:  Undefined array key "req_id" in C:\xampp\htdocs\brsms\process_request_action.php on line 324
[23-Sep-2025 16:35:27 Europe/Berlin] PHP Warning:  Undefined array key "req_id" in C:\xampp\htdocs\brsms\process_request_action.php on line 240
[23-Sep-2025 16:35:27 Europe/Berlin] PHP Warning:  Undefined array key "req_id" in C:\xampp\htdocs\brsms\process_request_action.php on line 324
[23-Sep-2025 17:13:00 Europe/Berlin] PHP Warning:  Undefined array key "req_id" in C:\xampp\htdocs\brsms\process_request_action.php on line 240
[23-Sep-2025 17:13:00 Europe/Berlin] PHP Warning:  Undefined array key "req_id" in C:\xampp\htdocs\brsms\process_request_action.php on line 324
[24-Sep-2025 16:09:45 Europe/Berlin] PHP Warning:  Undefined array key "req_id" in C:\xampp\htdocs\brsms\process_request_action.php on line 240
[24-Sep-2025 16:09:45 Europe/Berlin] PHP Warning:  Undefined array key "req_id" in C:\xampp\htdocs\brsms\process_request_action.php on line 324
[24-Sep-2025 16:10:39 Europe/Berlin] PHP Warning:  Undefined array key "req_id" in C:\xampp\htdocs\brsms\process_request_action.php on line 240
[24-Sep-2025 16:10:39 Europe/Berlin] PHP Warning:  Undefined array key "req_id" in C:\xampp\htdocs\brsms\process_request_action.php on line 324
[24-Sep-2025 16:40:59 Europe/Berlin] PHP Warning:  Undefined array key "req_id" in C:\xampp\htdocs\brsms\process_request_action.php on line 240
[24-Sep-2025 16:40:59 Europe/Berlin] PHP Warning:  Undefined array key "req_id" in C:\xampp\htdocs\brsms\process_request_action.php on line 324
[24-Sep-2025 16:41:20 Europe/Berlin] PHP Warning:  Undefined array key "req_id" in C:\xampp\htdocs\brsms\process_request_action.php on line 240
[24-Sep-2025 16:41:20 Europe/Berlin] PHP Warning:  Undefined array key "req_id" in C:\xampp\htdocs\brsms\process_request_action.php on line 324
[24-Sep-2025 17:22:35 Europe/Berlin] PHP Warning:  Undefined array key "req_id" in C:\xampp\htdocs\brsms\process_request_action.php on line 240
[24-Sep-2025 17:22:35 Europe/Berlin] PHP Warning:  Undefined array key "req_id" in C:\xampp\htdocs\brsms\process_request_action.php on line 324
[24-Sep-2025 17:27:50 Europe/Berlin] PHP Warning:  Undefined array key "req_id" in C:\xampp\htdocs\brsms\process_request_action.php on line 240
[24-Sep-2025 17:27:50 Europe/Berlin] PHP Warning:  Undefined array key "req_id" in C:\xampp\htdocs\brsms\process_request_action.php on line 324
[24-Sep-2025 17:41:17 Europe/Berlin] PHP Warning:  Undefined array key "req_id" in C:\xampp\htdocs\brsms\process_request_action.php on line 240
[24-Sep-2025 17:41:17 Europe/Berlin] PHP Warning:  Undefined array key "req_id" in C:\xampp\htdocs\brsms\process_request_action.php on line 324
[25-Sep-2025 14:27:54 Europe/Berlin] PHP Warning:  Undefined array key "req_id" in C:\xampp\htdocs\brsms\process_request_action.php on line 240
[25-Sep-2025 14:27:54 Europe/Berlin] PHP Warning:  Undefined array key "req_id" in C:\xampp\htdocs\brsms\process_request_action.php on line 324
[25-Sep-2025 14:39:51 Europe/Berlin] PHP Warning:  Undefined array key "req_id" in C:\xampp\htdocs\brsms\process_request_action.php on line 240
[25-Sep-2025 14:39:51 Europe/Berlin] PHP Warning:  Undefined array key "req_id" in C:\xampp\htdocs\brsms\process_request_action.php on line 324
[25-Sep-2025 15:00:07 Europe/Berlin] PHP Warning:  Undefined array key "req_id" in C:\xampp\htdocs\brsms\process_request_action.php on line 240
[25-Sep-2025 15:00:08 Europe/Berlin] PHP Warning:  Undefined array key "req_id" in C:\xampp\htdocs\brsms\process_request_action.php on line 324
[26-Sep-2025 05:03:47 Europe/Berlin] PHP Warning:  Undefined array key "req_id" in C:\xampp\htdocs\brsms\process_request_action.php on line 240
[26-Sep-2025 05:03:47 Europe/Berlin] PHP Warning:  Undefined array key "req_id" in C:\xampp\htdocs\brsms\process_request_action.php on line 324
[26-Sep-2025 05:04:19 Europe/Berlin] PHP Warning:  Undefined array key "req_id" in C:\xampp\htdocs\brsms\process_request_action.php on line 240
[26-Sep-2025 05:04:19 Europe/Berlin] PHP Warning:  Undefined array key "req_id" in C:\xampp\htdocs\brsms\process_request_action.php on line 324
[26-Sep-2025 05:05:10 Europe/Berlin] PHP Warning:  Undefined array key "req_id" in C:\xampp\htdocs\brsms\process_request_action.php on line 240
[26-Sep-2025 05:05:10 Europe/Berlin] PHP Warning:  Undefined array key "req_id" in C:\xampp\htdocs\brsms\process_request_action.php on line 324
[26-Sep-2025 05:39:35 Europe/Berlin] PHP Warning:  Undefined array key "req_id" in C:\xampp\htdocs\brsms\process_request_action.php on line 240
[26-Sep-2025 05:39:35 Europe/Berlin] PHP Warning:  Undefined array key "req_id" in C:\xampp\htdocs\brsms\process_request_action.php on line 324
[26-Sep-2025 09:28:10 Europe/Berlin] PHP Warning:  Undefined array key "req_id" in C:\xampp\htdocs\brsms\process_request_action.php on line 240
[26-Sep-2025 09:28:10 Europe/Berlin] PHP Warning:  Undefined array key "req_id" in C:\xampp\htdocs\brsms\process_request_action.php on line 324
[26-Sep-2025 09:29:51 Europe/Berlin] PHP Warning:  Undefined array key "req_id" in C:\xampp\htdocs\brsms\process_request_action.php on line 240
[26-Sep-2025 09:29:51 Europe/Berlin] PHP Warning:  Undefined array key "req_id" in C:\xampp\htdocs\brsms\process_request_action.php on line 324
[26-Sep-2025 09:35:56 Europe/Berlin] PHP Warning:  Undefined array key "req_id" in C:\xampp\htdocs\brsms\process_request_action.php on line 240
[26-Sep-2025 09:35:56 Europe/Berlin] PHP Warning:  Undefined array key "req_id" in C:\xampp\htdocs\brsms\process_request_action.php on line 324
[26-Sep-2025 10:55:45 Europe/Berlin] PHP Warning:  Undefined array key "req_id" in C:\xampp\htdocs\brsms\process_request_action.php on line 240
[26-Sep-2025 10:55:46 Europe/Berlin] PHP Warning:  Undefined array key "req_id" in C:\xampp\htdocs\brsms\process_request_action.php on line 324
[26-Sep-2025 18:11:03 Europe/Berlin] PHP Warning:  Undefined array key "req_id" in C:\xampp\htdocs\brsms\process_request_action.php on line 240
[26-Sep-2025 18:11:03 Europe/Berlin] PHP Warning:  Undefined array key "req_id" in C:\xampp\htdocs\brsms\process_request_action.php on line 324
[26-Sep-2025 18:14:46 Europe/Berlin] PHP Warning:  Undefined array key "req_id" in C:\xampp\htdocs\brsms\process_request_action.php on line 240
[26-Sep-2025 18:14:46 Europe/Berlin] PHP Warning:  Undefined array key "req_id" in C:\xampp\htdocs\brsms\process_request_action.php on line 324
[26-Sep-2025 18:21:38 Europe/Berlin] PHP Warning:  Undefined array key "req_id" in C:\xampp\htdocs\brsms\process_request_action.php on line 240
[26-Sep-2025 18:21:38 Europe/Berlin] PHP Warning:  Undefined array key "req_id" in C:\xampp\htdocs\brsms\process_request_action.php on line 324
[26-Sep-2025 18:22:17 Europe/Berlin] PHP Warning:  Undefined array key "req_id" in C:\xampp\htdocs\brsms\process_request_action.php on line 240
[26-Sep-2025 18:22:17 Europe/Berlin] PHP Warning:  Undefined array key "req_id" in C:\xampp\htdocs\brsms\process_request_action.php on line 324
[26-Sep-2025 18:23:14 Europe/Berlin] PHP Warning:  Undefined array key "req_id" in C:\xampp\htdocs\brsms\process_request_action.php on line 240
[26-Sep-2025 18:23:14 Europe/Berlin] PHP Warning:  Undefined array key "req_id" in C:\xampp\htdocs\brsms\process_request_action.php on line 324
[27-Sep-2025 05:08:12 Europe/Berlin] PHP Warning:  Undefined array key "req_id" in C:\xampp\htdocs\brsms\process_request_action.php on line 240
[27-Sep-2025 05:08:12 Europe/Berlin] PHP Warning:  Undefined array key "req_id" in C:\xampp\htdocs\brsms\process_request_action.php on line 324
[27-Sep-2025 06:17:07 Europe/Berlin] PHP Warning:  Undefined array key "req_id" in C:\xampp\htdocs\brsms\process_request_action.php on line 240
[27-Sep-2025 06:17:08 Europe/Berlin] PHP Warning:  Undefined array key "req_id" in C:\xampp\htdocs\brsms\process_request_action.php on line 324
[27-Sep-2025 06:25:51 Europe/Berlin] PHP Warning:  Undefined array key "req_id" in C:\xampp\htdocs\brsms\process_request_action.php on line 252
[27-Sep-2025 06:25:52 Europe/Berlin] PHP Warning:  Undefined array key "req_id" in C:\xampp\htdocs\brsms\process_request_action.php on line 402
[28-Sep-2025 16:15:49 Europe/Berlin] PHP Warning:  Undefined array key "req_id" in C:\xampp\htdocs\brsms\process_request_action.php on line 252
[28-Sep-2025 16:15:50 Europe/Berlin] PHP Warning:  Undefined array key "req_id" in C:\xampp\htdocs\brsms\process_request_action.php on line 402
[28-Sep-2025 16:45:15 Europe/Berlin] PHP Warning:  Undefined array key "req_id" in C:\xampp\htdocs\brsms\process_request_action.php on line 252
[28-Sep-2025 16:45:15 Europe/Berlin] PHP Warning:  Undefined array key "req_id" in C:\xampp\htdocs\brsms\process_request_action.php on line 402
